Determining if the pthread_create exist failed with the following output:
Change Dir: /home/champ/Git/crows/opulence/test/gtest-1.7.0/CMakeFiles/CMakeTmp

Run Build Command:/usr/bin/make "cmTryCompileExec1498048335/fast"
/usr/bin/make -f CMakeFiles/cmTryCompileExec1498048335.dir/build.make CMakeFiles/cmTryCompileExec1498048335.dir/build
make[1]: Entering directory `/home/champ/Git/crows/opulence/test/gtest-1.7.0/CMakeFiles/CMakeTmp'
/usr/bin/cmake -E cmake_progress_report /home/champ/Git/crows/opulence/test/gtest-1.7.0/CMakeFiles/CMakeTmp/CMakeFiles 1
Building C object CMakeFiles/cmTryCompileExec1498048335.dir/CheckSymbolExists.c.o
/usr/bin/cc    -o CMakeFiles/cmTryCompileExec1498048335.dir/CheckSymbolExists.c.o   -c /home/champ/Git/crows/opulence/test/gtest-1.7.0/CMakeFiles/CMakeTmp/CheckSymbolExists.c
Linking C executable cmTryCompileExec1498048335
/usr/bin/cmake -E cmake_link_script CMakeFiles/cmTryCompileExec1498048335.dir/link.txt --verbose=1
/usr/bin/cc       CMakeFiles/cmTryCompileExec1498048335.dir/CheckSymbolExists.c.o  -o cmTryCompileExec1498048335 -rdynamic 
CMakeFiles/cmTryCompileExec1498048335.dir/CheckSymbolExists.c.o: In function `main':
CheckSymbolExists.c:(.text+0x16): undefined reference to `pthread_create'
collect2: error: ld returned 1 exit status
make[1]: Leaving directory `/home/champ/Git/crows/opulence/test/gtest-1.7.0/CMakeFiles/CMakeTmp'
make[1]: *** [cmTryCompileExec1498048335] Error 1
make: *** [cmTryCompileExec1498048335/fast] Error 2

File /home/champ/Git/crows/opulence/test/gtest-1.7.0/CMakeFiles/CMakeTmp/CheckSymbolExists.c:
/* */
#include <pthread.h>

int main(int argc, char** argv)
{
  (void)argv;
#ifndef pthread_create
  return ((int*)(&pthread_create))[argc];
#else
  (void)argc;
  return 0;
#endif
}

Determining if the function pthread_create exists in the pthreads failed with the following output:
Change Dir: /home/champ/Git/crows/opulence/test/gtest-1.7.0/CMakeFiles/CMakeTmp

Run Build Command:/usr/bin/make "cmTryCompileExec1336693955/fast"
/usr/bin/make -f CMakeFiles/cmTryCompileExec1336693955.dir/build.make CMakeFiles/cmTryCompileExec1336693955.dir/build
make[1]: Entering directory `/home/champ/Git/crows/opulence/test/gtest-1.7.0/CMakeFiles/CMakeTmp'
/usr/bin/cmake -E cmake_progress_report /home/champ/Git/crows/opulence/test/gtest-1.7.0/CMakeFiles/CMakeTmp/CMakeFiles 1
Building C object CMakeFiles/cmTryCompileExec1336693955.dir/CheckFunctionExists.c.o
/usr/bin/cc   -DCHECK_FUNCTION_EXISTS=pthread_create   -o CMakeFiles/cmTryCompileExec1336693955.dir/CheckFunctionExists.c.o   -c /usr/share/cmake-2.8/Modules/CheckFunctionExists.c
Linking C executable cmTryCompileExec1336693955
/usr/bin/cmake -E cmake_link_script CMakeFiles/cmTryCompileExec1336693955.dir/link.txt --verbose=1
/usr/bin/cc   -DCHECK_FUNCTION_EXISTS=pthread_create    CMakeFiles/cmTryCompileExec1336693955.dir/CheckFunctionExists.c.o  -o cmTryCompileExec1336693955 -rdynamic -lpthreads 
/usr/bin/ld: cannot find -lpthreads
collect2: error: ld returned 1 exit status
make[1]: Leaving directory `/home/champ/Git/crows/opulence/test/gtest-1.7.0/CMakeFiles/CMakeTmp'
make[1]: *** [cmTryCompileExec1336693955] Error 1
make: *** [cmTryCompileExec1336693955/fast] Error 2


