Determining if the pthread_create exist failed with the following output:
Change Dir: /home/champ/Git/crows/opulence/CMakeFiles/CMakeTmp

Run Build Command:"/usr/bin/make" "cmTryCompileExec3967535245/fast"
/usr/bin/make -f CMakeFiles/cmTryCompileExec3967535245.dir/build.make CMakeFiles/cmTryCompileExec3967535245.dir/build
make[1]: Entering directory '/home/champ/Git/crows/opulence/CMakeFiles/CMakeTmp'
/usr/bin/cmake -E cmake_progress_report /home/champ/Git/crows/opulence/CMakeFiles/CMakeTmp/CMakeFiles 1
Building C object CMakeFiles/cmTryCompileExec3967535245.dir/CheckSymbolExists.c.o
/usr/bin/cc    -o CMakeFiles/cmTryCompileExec3967535245.dir/CheckSymbolExists.c.o   -c /home/champ/Git/crows/opulence/CMakeFiles/CMakeTmp/CheckSymbolExists.c
Linking C executable cmTryCompileExec3967535245
/usr/bin/cmake -E cmake_link_script CMakeFiles/cmTryCompileExec3967535245.dir/link.txt --verbose=1
/usr/bin/cc       CMakeFiles/cmTryCompileExec3967535245.dir/CheckSymbolExists.c.o  -o cmTryCompileExec3967535245 -rdynamic 
CMakeFiles/cmTryCompileExec3967535245.dir/CheckSymbolExists.c.o: In function `main':
CheckSymbolExists.c:(.text+0x16): undefined reference to `pthread_create'
collect2: error: ld returned 1 exit status
CMakeFiles/cmTryCompileExec3967535245.dir/build.make:88: recipe for target 'cmTryCompileExec3967535245' failed
make[1]: Leaving directory '/home/champ/Git/crows/opulence/CMakeFiles/CMakeTmp'
make[1]: *** [cmTryCompileExec3967535245] Error 1
Makefile:117: recipe for target 'cmTryCompileExec3967535245/fast' failed
make: *** [cmTryCompileExec3967535245/fast] Error 2

File /home/champ/Git/crows/opulence/CMakeFiles/CMakeTmp/CheckSymbolExists.c:
/* */
#include <pthread.h>

int main(int argc, char** argv)
{
  (void)argv;
#ifndef pthread_create
  return ((int*)(&pthread_create))[argc];
#else
  (void)argc;
  return 0;
#endif
}

Determining if the function pthread_create exists in the pthreads failed with the following output:
Change Dir: /home/champ/Git/crows/opulence/CMakeFiles/CMakeTmp

Run Build Command:"/usr/bin/make" "cmTryCompileExec4054215070/fast"
/usr/bin/make -f CMakeFiles/cmTryCompileExec4054215070.dir/build.make CMakeFiles/cmTryCompileExec4054215070.dir/build
make[1]: Entering directory '/home/champ/Git/crows/opulence/CMakeFiles/CMakeTmp'
/usr/bin/cmake -E cmake_progress_report /home/champ/Git/crows/opulence/CMakeFiles/CMakeTmp/CMakeFiles 1
Building C object CMakeFiles/cmTryCompileExec4054215070.dir/CheckFunctionExists.c.o
/usr/bin/cc   -DCHECK_FUNCTION_EXISTS=pthread_create   -o CMakeFiles/cmTryCompileExec4054215070.dir/CheckFunctionExists.c.o   -c /usr/share/cmake-3.2/Modules/CheckFunctionExists.c
Linking C executable cmTryCompileExec4054215070
/usr/bin/cmake -E cmake_link_script CMakeFiles/cmTryCompileExec4054215070.dir/link.txt --verbose=1
/usr/bin/cc   -DCHECK_FUNCTION_EXISTS=pthread_create    CMakeFiles/cmTryCompileExec4054215070.dir/CheckFunctionExists.c.o  -o cmTryCompileExec4054215070 -rdynamic -lpthreads 
/usr/bin/ld: cannot find -lpthreads
collect2: error: ld returned 1 exit status
CMakeFiles/cmTryCompileExec4054215070.dir/build.make:88: recipe for target 'cmTryCompileExec4054215070' failed
make[1]: Leaving directory '/home/champ/Git/crows/opulence/CMakeFiles/CMakeTmp'
make[1]: *** [cmTryCompileExec4054215070] Error 1
Makefile:117: recipe for target 'cmTryCompileExec4054215070/fast' failed
make: *** [cmTryCompileExec4054215070/fast] Error 2


